<?xml version="1.0" encoding="UTF-8"?>
<testng-results ignored="0" total="1" passed="1" failed="0" skipped="0">
  <reporter-output>
  </reporter-output>
  <suite started-at="2025-03-07T16:48:29 IST" name="Suite" finished-at="2025-03-07T16:48:30 IST" duration-ms="637">
    <groups>
    </groups>
    <test started-at="2025-03-07T16:48:29 IST" name="Test" finished-at="2025-03-07T16:48:30 IST" duration-ms="637">
      <class name="com.test.LoginTest">
        <test-method is-config="true" signature="setUP()[pri:0, instance:com.test.LoginTest@60d1a32f]" started-at="2025-03-07T16:48:17 IST" name="setUP" finished-at="2025-03-07T16:48:29 IST" duration-ms="12370" status="PASS">
          <reporter-output>
          </reporter-output>
        </test-method> <!-- setUP -->
        <test-method signature="loginWithValidUserNameAndValidPassword()[pri:0, instance:com.test.LoginTest@60d1a32f]" started-at="2025-03-07T16:48:30 IST" name="loginWithValidUserNameAndValidPassword" finished-at="2025-03-07T16:48:30 IST" duration-ms="450" status="PASS">
          <reporter-output>
          </reporter-output>
        </test-method> <!-- loginWithValidUserNameAndValidPassword -->
        <test-method is-config="true" signature="tearDown()[pri:0, instance:com.test.LoginTest@60d1a32f]" started-at="2025-03-07T16:48:30 IST" name="tearDown" finished-at="2025-03-07T16:48:31 IST" duration-ms="444" status="PASS">
          <reporter-output>
          </reporter-output>
        </test-method> <!-- tearDown -->
      </class> <!-- com.test.LoginTest -->
    </test> <!-- Test -->
  </suite> <!-- Suite -->
</testng-results>
